Removed Pin From Net: NetName=5V Pin=JP5-1
Removed Pin From Net: NetName=5V Pin=JP5-2
Removed Pin From Net: NetName=ADC Pin=JP5-4
Removed Pin From Net: NetName=GND Pin=JP5-5
Removed Pin From Net: NetName=GND Pin=JP5-6
Removed Member From Class: ClassName=CTRL V5 Member=JP5
Added Component: Designator=JP?(TX1.25 SMD-4P)
Added Component: Designator=U?(MS5611-01BA)
Added Pin To Net: NetName=5V Pin=JP?-1
Added Pin To Net: NetName=5V Pin=JP?-2
Added Pin To Net: NetName=ADC Pin=JP?-4
Added Pin To Net: NetName=GND Pin=JP?-5
Added Pin To Net: NetName=GND Pin=JP?-6
Added Pin To Net: NetName=3V3 Pin=U?-1
Added Pin To Net: NetName=3V3 Pin=U?-2
Added Pin To Net: NetName=GND Pin=U?-3
Added Pin To Net: NetName=B\A\R\O\_\C\S\ Pin=U2-37
Added Pin To Net: NetName=B\A\R\O\_\C\S\ Pin=U?-5
Added Net: Name=B\A\R\O\_\C\S\
Added Pin To Net: NetName=SCL2 Pin=U2-36
Added Pin To Net: NetName=SCL2 Pin=U?-8
Added Net: Name=SCL2
Added Pin To Net: NetName=SDA2 Pin=U2-35
Added Pin To Net: NetName=SDA2 Pin=U?-7
Added Net: Name=SDA2
Added Member To Class: ClassName=CTRL V5 Member=Component JP? HDR-1X6
Added Member To Class: ClassName=CTRL V5 Member=Component U? MS5611-01BA
